2023-08-06 08:47:18.477446 - Initialized conversion of CBT972
2023-08-06 08:47:19.630120 - Received CBT.V505.FILE972.PDS from FILE972.XMI 
2023-08-06 08:47:19.632663 - Found $$$#DATE.txt (text/plain) in CBT.V505.FILE972.PDS, moved to PDS/$$$#DATE
2023-08-06 08:47:19.633696 - Found $#README.txt (text/plain) in CBT.V505.FILE972.PDS, moved to PDS/$#README
2023-08-06 08:47:19.634772 - Found $DISCLAM.txt (text/plain) in CBT.V505.FILE972.PDS, moved to PDS/$DISCLAM
2023-08-06 08:47:19.635738 - Found $INSTALL.rexx (text/plain) in CBT.V505.FILE972.PDS, moved to PDS/$INSTALL
2023-08-06 08:47:19.636670 - Found $RESTORE.txt (text/plain) in CBT.V505.FILE972.PDS, moved to PDS/$RESTORE
2023-08-06 08:47:19.637619 - Found ####LOAD.txt (text/plain) in CBT.V505.FILE972.PDS, moved to PDS/####LOAD
2023-08-06 08:47:19.638515 - Found ###SETUP.txt (text/plain) in CBT.V505.FILE972.PDS, moved to PDS/###SETUP
2023-08-06 08:47:19.639399 - Found #1TASKS.txt (text/plain) in CBT.V505.FILE972.PDS, moved to PDS/#1TASKS
2023-08-06 08:47:19.640222 - Found #2VARS.txt (text/plain) in CBT.V505.FILE972.PDS, moved to PDS/#2VARS
2023-08-06 08:47:19.641058 - Found #3EDIT.txt (text/plain) in CBT.V505.FILE972.PDS, moved to PDS/#3EDIT
2023-08-06 08:47:19.641954 - Found @FILE972.txt (text/plain) in CBT.V505.FILE972.PDS, moved to PDS/@FILE972
2023-08-06 08:47:19.642877 - Found GENIE.rexx (text/plain) in CBT.V505.FILE972.PDS, moved to PDS/GENIE
2023-08-06 08:47:19.643707 - Found GENIEBLD.txt (text/plain) in CBT.V505.FILE972.PDS, moved to PDS/GENIEBLD
2023-08-06 08:47:19.644534 - Found MSICCOPY.rexx (text/plain) in CBT.V505.FILE972.PDS, moved to PDS/MSICCOPY
2023-08-06 08:47:19.645384 - Found MSICDEFN.rexx (text/plain) in CBT.V505.FILE972.PDS, moved to PDS/MSICDEFN
2023-08-06 08:47:19.646251 - Found MSICPCFM.txt (text/plain) in CBT.V505.FILE972.PDS, moved to PDS/MSICPCFM
2023-08-06 08:47:19.647139 - Found MSICPHLP.txt (text/plain) in CBT.V505.FILE972.PDS, moved to PDS/MSICPHLP
2023-08-06 08:47:19.647971 - Found MSICPTSK.txt (text/plain) in CBT.V505.FILE972.PDS, moved to PDS/MSICPTSK
2023-08-06 08:47:19.648776 - Found MSICPVAR.txt (text/plain) in CBT.V505.FILE972.PDS, moved to PDS/MSICPVAR
2023-08-06 08:47:19.649730 - Found MSICREDT.rexx (text/plain) in CBT.V505.FILE972.PDS, moved to PDS/MSICREDT
2023-08-06 08:47:19.650607 - Found MSICRMBR.rexx (text/plain) in CBT.V505.FILE972.PDS, moved to PDS/MSICRMBR
2023-08-06 08:47:19.651494 - Found RECVASMC.rexx (text/plain) in CBT.V505.FILE972.PDS, moved to PDS/RECVASMC
2023-08-06 08:47:19.652403 - Found RECVCRDG.rexx (text/plain) in CBT.V505.FILE972.PDS, moved to PDS/RECVCRDG
2023-08-06 08:47:19.653285 - Found RECVDASM.rexx (text/plain) in CBT.V505.FILE972.PDS, moved to PDS/RECVDASM
2023-08-06 08:47:19.654349 - Found RECVDFPU.rexx (text/plain) in CBT.V505.FILE972.PDS, moved to PDS/RECVDFPU
2023-08-06 08:47:19.655343 - Found RECVIBMK.rexx (text/plain) in CBT.V505.FILE972.PDS, moved to PDS/RECVIBMK
2023-08-06 08:47:19.656243 - Found RECVISRE.rexx (text/plain) in CBT.V505.FILE972.PDS, moved to PDS/RECVISRE
2023-08-06 08:47:19.657196 - Found RECVJCLR.rexx (text/plain) in CBT.V505.FILE972.PDS, moved to PDS/RECVJCLR
2023-08-06 08:47:19.658123 - Found RECVKETU.rexx (text/plain) in CBT.V505.FILE972.PDS, moved to PDS/RECVKETU
2023-08-06 08:47:19.659104 - Found RECVMITR.rexx (text/plain) in CBT.V505.FILE972.PDS, moved to PDS/RECVMITR
2023-08-06 08:47:19.660066 - Found RECVPMAU.rexx (text/plain) in CBT.V505.FILE972.PDS, moved to PDS/RECVPMAU
2023-08-06 08:47:19.660997 - Found RECVPSFC.rexx (text/plain) in CBT.V505.FILE972.PDS, moved to PDS/RECVPSFC
2023-08-06 08:47:19.661932 - Found RECVREXR.rexx (text/plain) in CBT.V505.FILE972.PDS, moved to PDS/RECVREXR
2023-08-06 08:47:19.662858 - Found RECVRXCP.rexx (text/plain) in CBT.V505.FILE972.PDS, moved to PDS/RECVRXCP
2023-08-06 08:47:19.663715 - Found RECVRXCU.rexx (text/plain) in CBT.V505.FILE972.PDS, moved to PDS/RECVRXCU
2023-08-06 08:47:19.664580 - Found RECVRXUP.rexx (text/plain) in CBT.V505.FILE972.PDS, moved to PDS/RECVRXUP
2023-08-06 08:47:19.665448 - Found RECVTSAD.rexx (text/plain) in CBT.V505.FILE972.PDS, moved to PDS/RECVTSAD
2023-08-06 08:47:19.765746 - Found XM$$$$.xmi (application/xmit) in CBT.V505.FILE972.PDS
2023-08-06 08:47:19.778584   - Received to CBT972/GENIE.WISHLIST
2023-08-06 08:47:21.181557 - Found XMAMSC.xmi (application/xmit) in CBT.V505.FILE972.PDS
2023-08-06 08:47:21.202513   - Received to CBT972/GENIE.WISHLIST
2023-08-06 08:47:22.059713 - Found XMCRDG.xmi (application/xmit) in CBT.V505.FILE972.PDS
2023-08-06 08:47:22.077565   - Received to CBT972/GENIE.WISHLIST
2023-08-06 08:47:22.095495 - Found XMDASM.xmi (application/xmit) in CBT.V505.FILE972.PDS
2023-08-06 08:47:22.109933   - Received to CBT972/GENIE.WISHLIST
2023-08-06 08:47:23.097719 - Found XMDFPU.xmi (application/xmit) in CBT.V505.FILE972.PDS
2023-08-06 08:47:23.117559   - Received to CBT972/GENIE.WISHLIST
2023-08-06 08:47:23.720216 - Found XMIBMK.xmi (application/xmit) in CBT.V505.FILE972.PDS
2023-08-06 08:47:23.739478   - Received to CBT972/GENIE.WISHLIST
2023-08-06 08:47:24.040295 - Found XMISPG.xmi (application/xmit) in CBT.V505.FILE972.PDS
2023-08-06 08:47:24.056994   - Received to CBT972/GENIE.WISHLIST
2023-08-06 08:47:24.078980 - Found XMISRE.xmi (application/xmit) in CBT.V505.FILE972.PDS
2023-08-06 08:47:24.094615   - Received to CBT972/GENIE.WISHLIST
2023-08-06 08:47:25.962952 - Found XMJCLR.xmi (application/xmit) in CBT.V505.FILE972.PDS
2023-08-06 08:47:25.985912   - Received to CBT972/GENIE.WISHLIST
2023-08-06 08:47:26.062789 - Found XMKETU.xmi (application/xmit) in CBT.V505.FILE972.PDS
2023-08-06 08:47:26.079198   - Received to CBT972/GENIE.WISHLIST
2023-08-06 08:47:26.098249 - Found XMMITR.xmi (application/xmit) in CBT.V505.FILE972.PDS
2023-08-06 08:47:26.114113   - Received to CBT972/GENIE.WISHLIST
2023-08-06 08:47:26.204664 - Found XMPMAU.xmi (application/xmit) in CBT.V505.FILE972.PDS
2023-08-06 08:47:26.220334   - Received to CBT972/GENIE.WISHLIST
2023-08-06 08:47:26.261484 - Found XMPSFC.xmi (application/xmit) in CBT.V505.FILE972.PDS
2023-08-06 08:47:26.277908   - Received to CBT972/GENIE.WISHLIST
2023-08-06 08:47:27.601983 - Found XMREXR.xmi (application/xmit) in CBT.V505.FILE972.PDS
2023-08-06 08:47:27.623259   - Received to CBT972/GENIE.WISHLIST
2023-08-06 08:47:27.691752 - Found XMRXCP.xmi (application/xmit) in CBT.V505.FILE972.PDS
2023-08-06 08:47:27.708306   - Received to CBT972/GENIE.WISHLIST
2023-08-06 08:47:27.735928 - Found XMRXCU.xmi (application/xmit) in CBT.V505.FILE972.PDS
2023-08-06 08:47:27.752153   - Received to CBT972/GENIE.WISHLIST
2023-08-06 08:47:28.629914 - Found XMTSAD.xmi (application/xmit) in CBT.V505.FILE972.PDS
2023-08-06 08:47:28.648817   - Received to CBT972/GENIE.WISHLIST
